This is pdfTeX, Version 3.1415926-2.5-1.40.14 (TeX Live 2013/Debian) (format=pdflatex 2015.1.23)  25 SEP 2015 14:38
entering extended mode
 \write18 enabled.
 %&-line parsing enabled.
**proposal.tex
(./proposal.tex
LaTeX2e <2011/06/27>
Babel <3.9h> and hyphenation patterns for 4 languages loaded.
(./ClemsonProposal.cls
Document Class: ClemsonProposal 2007/06/28Version v.2.0 by Andrew R. Dalton
(/usr/share/texlive/texmf-dist/tex/latex/base/article.cls
Document Class: article 2007/10/19 v1.4h Standard LaTeX document class
(/usr/share/texlive/texmf-dist/tex/latex/base/size12.clo
File: size12.clo 2007/10/19 v1.4h Standard LaTeX file (size option)
)
\c@part=\count79
\c@section=\count80
\c@subsection=\count81
\c@subsubsection=\count82
\c@paragraph=\count83
\c@subparagraph=\count84
\c@figure=\count85
\c@table=\count86
\abovecaptionskip=\skip41
\belowcaptionskip=\skip42
\bibindent=\dimen102
)
(/usr/share/texlive/texmf-dist/tex/latex/geometry/geometry.sty
Package: geometry 2010/09/12 v5.6 Page Geometry

(/usr/share/texlive/texmf-dist/tex/latex/graphics/keyval.sty
Package: keyval 1999/03/16 v1.13 key=value parser (DPC)
\KV@toks@=\toks14
)
(/usr/share/texlive/texmf-dist/tex/generic/oberdiek/ifpdf.sty
Package: ifpdf 2011/01/30 v2.3 Provides the ifpdf switch (HO)
Package ifpdf Info: pdfTeX in PDF mode is detected.
)
(/usr/share/texlive/texmf-dist/tex/generic/oberdiek/ifvtex.sty
Package: ifvtex 2010/03/01 v1.5 Detect VTeX and its facilities (HO)
Package ifvtex Info: VTeX not detected.
)
(/usr/share/texlive/texmf-dist/tex/generic/ifxetex/ifxetex.sty
Package: ifxetex 2010/09/12 v0.6 Provides ifxetex conditional
)
\Gm@cnth=\count87
\Gm@cntv=\count88
\c@Gm@tempcnt=\count89
\Gm@bindingoffset=\dimen103
\Gm@wd@mp=\dimen104
\Gm@odd@mp=\dimen105
\Gm@even@mp=\dimen106
\Gm@layoutwidth=\dimen107
\Gm@layoutheight=\dimen108
\Gm@layouthoffset=\dimen109
\Gm@layoutvoffset=\dimen110
\Gm@dimlist=\toks15
)
(/usr/share/texlive/texmf-dist/tex/latex/appendix/appendix.sty
Package: appendix 2009/09/02 v1.2b extra appendix facilities
\c@@pps=\count90
\c@@ppsavesec=\count91
\c@@ppsaveapp=\count92
)
(/usr/share/texlive/texmf-dist/tex/latex/fancyhdr/fancyhdr.sty
\fancy@headwidth=\skip43
\f@ncyO@elh=\skip44
\f@ncyO@erh=\skip45
\f@ncyO@olh=\skip46
\f@ncyO@orh=\skip47
\f@ncyO@elf=\skip48
\f@ncyO@erf=\skip49
\f@ncyO@olf=\skip50
\f@ncyO@orf=\skip51
)
(/usr/share/texlive/texmf-dist/tex/latex/setspace/setspace.sty
Package: setspace 2011/12/19 v6.7a set line spacing
)
(/usr/share/texlive/texmf-dist/tex/latex/hyperref/hyperref.sty
Package: hyperref 2012/11/06 v6.83m Hypertext links for LaTeX

(/usr/share/texlive/texmf-dist/tex/generic/oberdiek/hobsub-hyperref.sty
Package: hobsub-hyperref 2012/05/28 v1.13 Bundle oberdiek, subset hyperref (HO)


(/usr/share/texlive/texmf-dist/tex/generic/oberdiek/hobsub-generic.sty
Package: hobsub-generic 2012/05/28 v1.13 Bundle oberdiek, subset generic (HO)
Package: hobsub 2012/05/28 v1.13 Construct package bundles (HO)
Package: infwarerr 2010/04/08 v1.3 Providing info/warning/error messages (HO)
Package: ltxcmds 2011/11/09 v1.22 LaTeX kernel commands for general use (HO)
Package: ifluatex 2010/03/01 v1.3 Provides the ifluatex switch (HO)
Package ifluatex Info: LuaTeX not detected.
Package hobsub Info: Skipping package `ifvtex' (already loaded).
Package: intcalc 2007/09/27 v1.1 Expandable calculations with integers (HO)
Package hobsub Info: Skipping package `ifpdf' (already loaded).
Package: etexcmds 2011/02/16 v1.5 Avoid name clashes with e-TeX commands (HO)
Package etexcmds Info: Could not find \expanded.
(etexcmds)             That can mean that you are not using pdfTeX 1.50 or
(etexcmds)             that some package has redefined \expanded.
(etexcmds)             In the latter case, load this package earlier.
Package: kvsetkeys 2012/04/25 v1.16 Key value parser (HO)
Package: kvdefinekeys 2011/04/07 v1.3 Define keys (HO)
Package: pdftexcmds 2011/11/29 v0.20 Utility functions of pdfTeX for LuaTeX (HO
)
Package pdftexcmds Info: LuaTeX not detected.
Package pdftexcmds Info: \pdf@primitive is available.
Package pdftexcmds Info: \pdf@ifprimitive is available.
Package pdftexcmds Info: \pdfdraftmode found.
Package: pdfescape 2011/11/25 v1.13 Implements pdfTeX's escape features (HO)
Package: bigintcalc 2012/04/08 v1.3 Expandable calculations on big integers (HO
)
Package: bitset 2011/01/30 v1.1 Handle bit-vector datatype (HO)
Package: uniquecounter 2011/01/30 v1.2 Provide unlimited unique counter (HO)
)
Package hobsub Info: Skipping package `hobsub' (already loaded).
Package: letltxmacro 2010/09/02 v1.4 Let assignment for LaTeX macros (HO)
Package: hopatch 2012/05/28 v1.2 Wrapper for package hooks (HO)
Package: xcolor-patch 2011/01/30 xcolor patch
Package: atveryend 2011/06/30 v1.8 Hooks at the very end of document (HO)
Package atveryend Info: \enddocument detected (standard20110627).
Package: atbegshi 2011/10/05 v1.16 At begin shipout hook (HO)
Package: refcount 2011/10/16 v3.4 Data extraction from label references (HO)
Package: hycolor 2011/01/30 v1.7 Color options for hyperref/bookmark (HO)
)
(/usr/share/texlive/texmf-dist/tex/latex/oberdiek/auxhook.sty
Package: auxhook 2011/03/04 v1.3 Hooks for auxiliary files (HO)
)
(/usr/share/texlive/texmf-dist/tex/latex/oberdiek/kvoptions.sty
Package: kvoptions 2011/06/30 v3.11 Key value format for package options (HO)
)
\@linkdim=\dimen111
\Hy@linkcounter=\count93
\Hy@pagecounter=\count94

(/usr/share/texlive/texmf-dist/tex/latex/hyperref/pd1enc.def
File: pd1enc.def 2012/11/06 v6.83m Hyperref: PDFDocEncoding definition (HO)
)
\Hy@SavedSpaceFactor=\count95

(/usr/share/texlive/texmf-dist/tex/latex/latexconfig/hyperref.cfg
File: hyperref.cfg 2002/06/06 v1.2 hyperref configuration of TeXLive
)
Package hyperref Info: Option `plainpages' set `false' on input line 4319.
Package hyperref Info: Option `pdfpagelabels' set `true' on input line 4319.
Package hyperref Info: Hyper figures OFF on input line 4443.
Package hyperref Info: Link nesting OFF on input line 4448.
Package hyperref Info: Hyper index ON on input line 4451.
Package hyperref Info: Plain pages OFF on input line 4458.
Package hyperref Info: Backreferencing OFF on input line 4463.
Package hyperref Info: Implicit mode ON; LaTeX internals redefined.
Package hyperref Info: Bookmarks ON on input line 4688.
\c@Hy@tempcnt=\count96

(/usr/share/texlive/texmf-dist/tex/latex/url/url.sty
\Urlmuskip=\muskip10
Package: url 2013/09/16  ver 3.4  Verb mode for urls, etc.
)
LaTeX Info: Redefining \url on input line 5041.
\XeTeXLinkMargin=\dimen112
\Fld@menulength=\count97
\Field@Width=\dimen113
\Fld@charsize=\dimen114
Package hyperref Info: Hyper figures OFF on input line 6295.
Package hyperref Info: Link nesting OFF on input line 6300.
Package hyperref Info: Hyper index ON on input line 6303.
Package hyperref Info: backreferencing OFF on input line 6310.
Package hyperref Info: Link coloring OFF on input line 6315.
Package hyperref Info: Link coloring with OCG OFF on input line 6320.
Package hyperref Info: PDF/A mode OFF on input line 6325.
LaTeX Info: Redefining \ref on input line 6365.
LaTeX Info: Redefining \pageref on input line 6369.
\Hy@abspage=\count98
\c@Item=\count99
\c@Hfootnote=\count100
)

Package hyperref Message: Driver (autodetected): hpdftex.

(/usr/share/texlive/texmf-dist/tex/latex/hyperref/hpdftex.def
File: hpdftex.def 2012/11/06 v6.83m Hyperref driver for pdfTeX
\Fld@listcount=\count101
\c@bookmark@seq@number=\count102

(/usr/share/texlive/texmf-dist/tex/latex/oberdiek/rerunfilecheck.sty
Package: rerunfilecheck 2011/04/15 v1.7 Rerun checks for auxiliary files (HO)
Package uniquecounter Info: New unique counter `rerunfilecheck' on input line 2
82.
)
\Hy@SectionHShift=\skip52
))
(/usr/share/texlive/texmf-dist/tex/latex/comment/comment.sty
\CommentStream=\write3

Excluding comment 'comment')
(/usr/share/texlive/texmf-dist/tex/latex/subfiles/subfiles.sty
Package: subfiles 2012/05/23 Federico Garcia

(/usr/share/texlive/texmf-dist/tex/latex/tools/verbatim.sty
Package: verbatim 2003/08/22 v1.5q LaTeX2e package for verbatim enhancements
\every@verbatim=\toks16
\verbatim@line=\toks17
\verbatim@in@stream=\read1
))
(/usr/share/texlive/texmf-dist/tex/latex/graphics/color.sty
Package: color 2005/11/14 v1.0j Standard LaTeX Color (DPC)

(/usr/share/texlive/texmf-dist/tex/latex/latexconfig/color.cfg
File: color.cfg 2007/01/18 v1.5 color configuration of teTeX/TeXLive
)
Package color Info: Driver file: pdftex.def on input line 130.

(/usr/share/texlive/texmf-dist/tex/latex/pdftex-def/pdftex.def
File: pdftex.def 2011/05/27 v0.06d Graphics/color for pdfTeX
\Gread@gobject=\count103
))
(/usr/share/texlive/texmf-dist/tex/latex/hyphenat/hyphenat.sty
Package: hyphenat 2009/09/02 v2.3c hyphenation utilities


Package hyphenat Warning: *******************************
(hyphenat)                * You have used the htt option.
(hyphenat)                * You are likely to get many Font Warning messages.
(hyphenat)                * These can usually be ignored.
(hyphenat)                *******************************.

\langwohyphens=\language5
LaTeX Info: Redefining \_ on input line 43.
) (/usr/share/texlive/texmf-dist/tex/latex/listing/listing.sty
Package: listing 1999/05/25

Package `listing', V1.2, <1999/05/25>
\c@listing=\count104
) (/usr/share/texlive/texmf-dist/tex/latex/graphics/graphicx.sty
Package: graphicx 1999/02/16 v1.0f Enhanced LaTeX Graphics (DPC,SPQR)

(/usr/share/texlive/texmf-dist/tex/latex/graphics/graphics.sty
Package: graphics 2009/02/05 v1.0o Standard LaTeX Graphics (DPC,SPQR)

(/usr/share/texlive/texmf-dist/tex/latex/graphics/trig.sty
Package: trig 1999/03/16 v1.09 sin cos tan (DPC)
)
(/usr/share/texlive/texmf-dist/tex/latex/latexconfig/graphics.cfg
File: graphics.cfg 2010/04/23 v1.9 graphics configuration of TeX Live
)
Package graphics Info: Driver file: pdftex.def on input line 91.
)
\Gin@req@height=\dimen115
\Gin@req@width=\dimen116
)
(/usr/share/texlive/texmf-dist/tex/latex/minted/minted.sty
Package: minted 2011/09/17 v1.7 Yet another Pygments shim for LaTeX

(/usr/share/texlive/texmf-dist/tex/latex/fancyvrb/fancyvrb.sty
Package: fancyvrb 2008/02/07

Style option: `fancyvrb' v2.7a, with DG/SPQR fixes, and firstline=lastline fix 
<2008/02/07> (tvz)
\FV@CodeLineNo=\count105
\FV@InFile=\read2
\FV@TabBox=\box26
\c@FancyVerbLine=\count106
\FV@StepNumber=\count107
\FV@OutFile=\write4
) (/usr/share/texmf/tex/latex/xcolor/xcolor.sty
Package: xcolor 2007/01/21 v2.11 LaTeX color extensions (UK)

(/usr/share/texlive/texmf-dist/tex/latex/latexconfig/color.cfg
File: color.cfg 2007/01/18 v1.5 color configuration of teTeX/TeXLive
)
Package xcolor Info: Driver file: pdftex.def on input line 225.
LaTeX Info: Redefining \color on input line 702.
Package xcolor Info: Model `cmy' substituted by `cmy0' on input line 1337.
Package xcolor Info: Model `hsb' substituted by `rgb' on input line 1341.
Package xcolor Info: Model `RGB' extended on input line 1353.
Package xcolor Info: Model `HTML' substituted by `rgb' on input line 1355.
Package xcolor Info: Model `Hsb' substituted by `hsb' on input line 1356.
Package xcolor Info: Model `tHsb' substituted by `hsb' on input line 1357.
Package xcolor Info: Model `HSB' substituted by `hsb' on input line 1358.
Package xcolor Info: Model `Gray' substituted by `gray' on input line 1359.
Package xcolor Info: Model `wave' substituted by `hsb' on input line 1360.
)
(/usr/share/texlive/texmf-dist/tex/latex/float/float.sty
Package: float 2001/11/08 v1.3d Float enhancements (AL)
\c@float@type=\count108
\float@exts=\toks18
\float@box=\box27
\@float@everytoks=\toks19
\@floatcapt=\box28
)
(/usr/share/texlive/texmf-dist/tex/latex/base/ifthen.sty
Package: ifthen 2001/05/26 v1.1c Standard LaTeX ifthen package (DPC)
)
(/usr/share/texlive/texmf-dist/tex/latex/tools/calc.sty
Package: calc 2007/08/22 v4.3 Infix arithmetic (KKT,FJ)
\calc@Acount=\count109
\calc@Bcount=\count110
\calc@Adimen=\dimen117
\calc@Bdimen=\dimen118
\calc@Askip=\skip53
\calc@Bskip=\skip54
LaTeX Info: Redefining \setlength on input line 76.
LaTeX Info: Redefining \addtolength on input line 77.
\calc@Ccount=\count111
\calc@Cskip=\skip55
)
(/usr/share/texlive/texmf-dist/tex/latex/ifplatform/ifplatform.sty
Package: ifplatform 2010/10/22 v0.4 Testing for the operating system

(/usr/share/texlive/texmf-dist/tex/generic/oberdiek/catchfile.sty
Package: catchfile 2011/03/01 v1.6 Catch the contents of a file (HO)
)
runsystem(uname -s > "proposal.w18")...executed.


(./proposal.w18)
runsystem(rm -- "proposal.w18")...executed.

)
\minted@bgbox=\box29
\minted@code=\write5
\@float@every@listing=\toks20
)
runsystem(which pygmentize && touch proposal.aex)...executed.

runsystem(rm proposal.aex)...executed.


(/usr/share/texlive/texmf-dist/tex/latex/booktabs/booktabs.sty
Package: booktabs 2005/04/14 v1.61803 publication quality tables
\heavyrulewidth=\dimen119
\lightrulewidth=\dimen120
\cmidrulewidth=\dimen121
\belowrulesep=\dimen122
\belowbottomsep=\dimen123
\aboverulesep=\dimen124
\abovetopsep=\dimen125
\cmidrulesep=\dimen126
\cmidrulekern=\dimen127
\defaultaddspace=\dimen128
\@cmidla=\count112
\@cmidlb=\count113
\@aboverulesep=\dimen129
\@belowrulesep=\dimen130
\@thisruleclass=\count114
\@lastruleclass=\count115
\@thisrulewidth=\dimen131
)
(/usr/share/texlive/texmf-dist/tex/latex/tools/xr.sty
Package: xr 1994/05/28 v5.02 eXternal References (DPC)
)
(/usr/share/texlive/texmf-dist/tex/latex/etoolbox/etoolbox.sty
Package: etoolbox 2011/01/03 v2.1 e-TeX tools for LaTeX

(/usr/share/texlive/texmf-dist/tex/latex/etex-pkg/etex.sty
Package: etex 1998/03/26 v2.0 eTeX basic definition package (PEB)
\et@xins=\count116
)
\etb@tempcnta=\count117
)
Package xr Info: IMPORTING LABELS FROM background.aux on input line 25.
Package xr Info: IMPORTING LABELS FROM conclusion.aux on input line 26.
Package xr Info: IMPORTING LABELS FROM embedding.aux on input line 27.
Package xr Info: IMPORTING LABELS FROM eplipl.aux on input line 28.
Package xr Info: IMPORTING LABELS FROM introduction.aux on input line 29.
Package xr Info: IMPORTING LABELS FROM miscrelcon.aux on input line 30.
Package xr Info: IMPORTING LABELS FROM multiparadigm.aux on input line 31.
Package xr Info: IMPORTING LABELS FROM prologin.aux on input line 32.
Package xr Info: IMPORTING LABELS FROM prologinhaskell.aux on input line 33.


Package xr Warning: 
No file proposedwork.aux
LABELS NOT IMPORTED.
 on input line 34.

Package xr Info: IMPORTING LABELS FROM pwp.aux on input line 35.
Package xr Info: IMPORTING LABELS FROM quasiquotation.aux on input line 36.

Package xr Warning: 
No file metasyntacticvariables.aux
LABELS NOT IMPORTED.
 on input line 37.

Package xr Info: IMPORTING LABELS FROM relatedtermskeywords.aux on input line 3
8.
Package xr Info: IMPORTING LABELS FROM relatedWork.aux on input line 39.
Package xr Info: IMPORTING LABELS FROM ummcpp.aux on input line 40.
Package xr Info: IMPORTING LABELS FROM workCompleted.aux on input line 41.
Package hyperref Info: Option `colorlinks' set `true' on input line 93.

Package hyperref Warning: Token not allowed in a PDF string (PDFDocEncoding):
(hyperref)                removing `\\' on input line 93.


Package hyperref Warning: Token not allowed in a PDF string (PDFDocEncoding):
(hyperref)                removing `\\' on input line 93.


Package hyperref Warning: Token not allowed in a PDF string (PDFDocEncoding):
(hyperref)                removing `\\' on input line 93.

(./proposal.aux

LaTeX Warning: Label `sect:introduction' multiply defined.


LaTeX Warning: Label `sect:background' multiply defined.


LaTeX Warning: Label `sect:embedding' multiply defined.


LaTeX Warning: Label `sect:multiparadigm' multiply defined.


LaTeX Warning: Label `sect:relatedWork' multiply defined.


LaTeX Warning: Label `sect:eplipl' multiply defined.


LaTeX Warning: Label `sect:prologin' multiply defined.


LaTeX Warning: Label `sect:prologinhaskell' multiply defined.


LaTeX Warning: Label `sect:ummcpp' multiply defined.


LaTeX Warning: Label `sect:quasiquotation' multiply defined.


LaTeX Warning: Label `sect:relatedtermskeywords' multiply defined.


LaTeX Warning: Label `sect:pwp' multiply defined.


LaTeX Warning: Label `sect:miscrelcon' multiply defined.


LaTeX Warning: Label `sect:workCompleted' multiply defined.


LaTeX Warning: Label `sect:conclusion' multiply defined.

)
\openout1 = `proposal.aux'.

LaTeX Font Info:    Checking defaults for OML/cmm/m/it on input line 128.
LaTeX Font Info:    ... okay on input line 128.
LaTeX Font Info:    Checking defaults for T1/cmr/m/n on input line 128.
LaTeX Font Info:    ... okay on input line 128.
LaTeX Font Info:    Checking defaults for OT1/cmr/m/n on input line 128.
LaTeX Font Info:    ... okay on input line 128.
LaTeX Font Info:    Checking defaults for OMS/cmsy/m/n on input line 128.
LaTeX Font Info:    ... okay on input line 128.
LaTeX Font Info:    Checking defaults for OMX/cmex/m/n on input line 128.
LaTeX Font Info:    ... okay on input line 128.
LaTeX Font Info:    Checking defaults for U/cmr/m/n on input line 128.
LaTeX Font Info:    ... okay on input line 128.
LaTeX Font Info:    Checking defaults for PD1/pdf/m/n on input line 128.
LaTeX Font Info:    ... okay on input line 128.

*geometry* driver: auto-detecting
*geometry* detected driver: pdftex
*geometry* verbose mode - [ preamble ] result:
* driver: pdftex
* paper: letterpaper
* layout: <same size as paper>
* layoutoffset:(h,v)=(0.0pt,0.0pt)
* modes: 
* h-part:(L,W,R)=(108.405pt, 433.62001pt, 72.26999pt)
* v-part:(T,H,B)=(72.26999pt, 650.43001pt, 72.26999pt)
* \paperwidth=614.295pt
* \paperheight=794.96999pt
* \textwidth=433.62001pt
* \textheight=650.43001pt
* \oddsidemargin=36.13501pt
* \evensidemargin=36.13501pt
* \topmargin=-37.0pt
* \headheight=35.0pt
* \headsep=25.0pt
* \topskip=12.0pt
* \footskip=30.0pt
* \marginparwidth=44.0pt
* \marginparsep=10.0pt
* \columnsep=10.0pt
* \skip\footins=10.8pt plus 4.0pt minus 2.0pt
* \hoffset=0.0pt
* \voffset=0.0pt
* \mag=1000
* \@twocolumnfalse
* \@twosidefalse
* \@mparswitchfalse
* \@reversemarginfalse
* (1in=72.27pt=25.4mm, 1cm=28.453pt)

\AtBeginShipoutBox=\box30
Package hyperref Info: Link coloring ON on input line 128.
(/usr/share/texlive/texmf-dist/tex/latex/hyperref/nameref.sty
Package: nameref 2012/10/27 v2.43 Cross-referencing by name of section

(/usr/share/texlive/texmf-dist/tex/generic/oberdiek/gettitlestring.sty
Package: gettitlestring 2010/12/03 v1.4 Cleanup title references (HO)
)
\c@section@level=\count118
)
LaTeX Info: Redefining \ref on input line 128.
LaTeX Info: Redefining \pageref on input line 128.
LaTeX Info: Redefining \nameref on input line 128.

(./proposal.out) (./proposal.out)
\@outlinefile=\write6
\openout6 = `proposal.out'.


(/usr/share/texlive/texmf-dist/tex/context/base/supp-pdf.mkii
[Loading MPS to PDF converter (version 2006.09.02).]
\scratchcounter=\count119
\scratchdimen=\dimen132
\scratchbox=\box31
\nofMPsegments=\count120
\nofMParguments=\count121
\everyMPshowfont=\toks21
\MPscratchCnt=\count122
\MPscratchDim=\dimen133
\MPnumerator=\count123
\makeMPintoPDFobject=\count124
\everyMPtoPDFconversion=\toks22
)
LaTeX Font Info:    Try loading font information for OT1+pcr on input line 128.

 (/usr/share/texlive/texmf-dist/tex/latex/psnfss/ot1pcr.fd
File: ot1pcr.fd 2001/06/04 font definitions for OT1/pcr.
)
LaTeX Font Info:    Font shape `OT1/pcr/m/it' in size <12> not available
(Font)              Font shape `OT1/pcr/m/sl' tried instead on input line 128.
LaTeX Font Info:    Font shape `OT1/pcr/b/it' in size <12> not available
(Font)              Font shape `OT1/pcr/b/sl' tried instead on input line 128.
LaTeX Font Info:    Font shape `OT1/pcr/bx/n' in size <12> not available
(Font)              Font shape `OT1/pcr/b/n' tried instead on input line 128.
LaTeX Font Info:    Font shape `OT1/pcr/bx/it' in size <12> not available
(Font)              Font shape `OT1/pcr/b/it' tried instead on input line 128.
LaTeX Font Info:    Font shape `OT1/pcr/b/it' in size <12> not available
(Font)              Font shape `OT1/pcr/b/sl' tried instead on input line 128.
LaTeX Font Info:    Font shape `OT1/pcr/bx/sl' in size <12> not available
(Font)              Font shape `OT1/pcr/b/sl' tried instead on input line 128.
LaTeX Font Info:    Font shape `OT1/pcr/bx/sc' in size <12> not available
(Font)              Font shape `OT1/pcr/b/sc' tried instead on input line 128.


LaTeX Font Warning: Font shape `OT1/pcr/sb/n' undefined
(Font)              using `OT1/pcr/m/n' instead on input line 128.


LaTeX Font Warning: Font shape `OT1/pcr/sb/it' undefined
(Font)              using `OT1/pcr/sb/n' instead on input line 128.


LaTeX Font Warning: Font shape `OT1/pcr/sb/sl' undefined
(Font)              using `OT1/pcr/sb/n' instead on input line 128.


LaTeX Font Warning: Font shape `OT1/pcr/sb/sc' undefined
(Font)              using `OT1/pcr/sb/n' instead on input line 128.


LaTeX Font Warning: Font shape `OT1/pcr/c/n' undefined
(Font)              using `OT1/pcr/m/n' instead on input line 128.


LaTeX Font Warning: Font shape `OT1/pcr/c/it' undefined
(Font)              using `OT1/pcr/c/n' instead on input line 128.


LaTeX Font Warning: Font shape `OT1/pcr/c/sl' undefined
(Font)              using `OT1/pcr/c/n' instead on input line 128.


LaTeX Font Warning: Font shape `OT1/pcr/c/sc' undefined
(Font)              using `OT1/pcr/c/n' instead on input line 128.


LaTeX Font Warning: Font shape `OT1/pcr/l/n' undefined
(Font)              using `OT1/pcr/m/n' instead on input line 128.


LaTeX Font Warning: Font shape `OT1/pcr/l/it' undefined
(Font)              using `OT1/pcr/l/n' instead on input line 128.


LaTeX Font Warning: Font shape `OT1/pcr/l/sl' undefined
(Font)              using `OT1/pcr/l/n' instead on input line 128.


LaTeX Font Warning: Font shape `OT1/pcr/l/sc' undefined
(Font)              using `OT1/pcr/l/n' instead on input line 128.

LaTeX Font Info:    Font shape `OT1/pcr/m/ui' in size <12> not available
(Font)              Font shape `OT1/pcr/m/it' tried instead on input line 128.
LaTeX Font Info:    Font shape `OT1/pcr/m/it' in size <12> not available
(Font)              Font shape `OT1/pcr/m/sl' tried instead on input line 128.
LaTeX Font Info:    Font shape `OT1/pcr/bx/ui' in size <12> not available
(Font)              Font shape `OT1/pcr/b/it' tried instead on input line 128.
LaTeX Font Info:    Font shape `OT1/pcr/b/it' in size <12> not available
(Font)              Font shape `OT1/pcr/b/sl' tried instead on input line 128.

LaTeX Font Warning: Font shape `OT1/pcr/m/In' undefined
(Font)              using `OT1/pcr/m/n' instead on input line 128.

(/usr/share/texlive/texmf-dist/tex/latex/oberdiek/epstopdf-base.sty
Package: epstopdf-base 2010/02/09 v2.5 Base part for package epstopdf

(/usr/share/texlive/texmf-dist/tex/latex/oberdiek/grfext.sty
Package: grfext 2010/08/19 v1.1 Manage graphics extensions (HO)
)
Package grfext Info: Graphics extension search list:
(grfext)             [.png,.pdf,.jpg,.mps,.jpeg,.jbig2,.jb2,.PNG,.PDF,.JPG,.JPE
G,.JBIG2,.JB2,.eps]
(grfext)             \AppendGraphicsExtensions on input line 452.

(/usr/share/texlive/texmf-dist/tex/latex/latexconfig/epstopdf-sys.cfg
File: epstopdf-sys.cfg 2010/07/13 v1.3 Configuration of (r)epstopdf for TeX Liv
e
))
runsystem(pygmentize -S default -f latex > proposal.pyg)...executed.


(./proposal.pyg) [1

{/var/lib/texmf/fonts/map/pdftex/updmap/pdftex.map}]
(./proposal.toc
LaTeX Font Info:    External font `cmex10' loaded for size
(Font)              <12> on input line 3.
LaTeX Font Info:    External font `cmex10' loaded for size
(Font)              <8> on input line 3.
LaTeX Font Info:    External font `cmex10' loaded for size
(Font)              <6> on input line 3.
pdfTeX warning (ext4): destination with the same identifier (name{page.i}) has 
been already used, duplicate ignored
<to be read again> 
                   \relax 
l.50 ...{9.3}Important People}{31}{subsection.9.3}
                                                   [1]
Overfull \hbox (25.6326pt too wide) in paragraph at lines 52--52
 [] [][][]\OT1/cmr/bx/n/12 Unifying or Mar-ry-ing or Merg-ing or Com-bin-ing Pr
o-gram-ming Paradigms 
 []

[2])
\tf@toc=\write7
\openout7 = `proposal.toc'.

 [3] (./proposal.lof)
\tf@lof=\write8
\openout8 = `proposal.lof'.

 [4] (./proposal.lot)
\tf@lot=\write9
\openout9 = `proposal.lot'.

 [5] (./abstract.tex [6])

LaTeX Warning: Citation `website:tablog' undefined on input line 259.

(./introduction.tex
Missing character: There is no ï in font cmr12!
Missing character: There is no ¬ in font cmr12!
Missing character: There is no ‚ in font cmr12!

Underfull \vbox (badness 10000) has occurred while \output is active []

 [1

]
Missing character: There is no ï in font cmr12!
Missing character: There is no ¬ in font cmr12!
Missing character: There is no € in font cmr12!

[2]
Underfull \vbox (badness 2435) has occurred while \output is active []

 [3]
[4]) [5] (./background.tex [6

]
Underfull \vbox (badness 1406) has occurred while \output is active []

 [7]
Underfull \vbox (badness 10000) has occurred while \output is active []

 [8]
\openout4 = `proposal.pyg'.

runsystem(pygmentize -l prolog -f latex -F tokenmerge            -P linenos -P 
"verboptions= " -o proposal.out.pyg proposal.pyg)...executed.


(./proposal.out.pyg)
runsystem(rm proposal.out.pyg)...executed.

runsystem(rm proposal.pyg)...executed.

\openout4 = `proposal.pyg'.

runsystem(pygmentize -l haskell -f latex -F tokenmerge            -P linenos -P
 "verboptions= " -o proposal.out.pyg proposal.pyg)...executed.

 (./proposal.out.pyg
Missing character: There is no â in font pcrr7t!
Missing character: There is no ˆ in font pcrr7t!
Missing character: There is no ƒ in font pcrr7t!
)
runsystem(rm proposal.out.pyg)...executed.

runsystem(rm proposal.pyg)...executed.

 [9]) [10] (./proposedWork.tex
[11

]) [12] (./embedding.tex [13

] [14] [15] [16]
Overfull \hbox (10.75827pt too wide) in paragraph at lines 479--480
[]\OT1/cmr/m/n/12 Another im-por-tant as-pect of \OT1/cmr/m/sc/12 Pro-log \OT1/
cmr/m/n/12 is back-track-ing. To sim-u-late it in \OT1/cmr/m/sc/12 Haskell\OT1/
cmr/m/n/12 ,
 []

) [17] (./multiparadigm.tex
Overfull \hbox (14.89775pt too wide) in paragraph at lines 6--6
[]\OT1/cmr/bx/n/17.28 Multi Paradigm Lan-guages (Func-tional Logic Lan-
 []

[18

] [19] [20] [21]) [22] (./relatedWork.tex) [23

] (./eplipl.tex [24

]
\openout4 = `proposal.pyg'.

runsystem(pygmentize -l haskell -f latex -F tokenmerge            -P linenos -P
 "verboptions= " -o proposal.out.pyg proposal.pyg)...executed.


(./proposal.out.pyg)
runsystem(rm proposal.out.pyg)...executed.

runsystem(rm proposal.pyg)...executed.

 [25]) [26] (./prologin.tex
Missing character: There is no â in font cmr12!
Missing character: There is no € in font cmr12!
Missing character: There is no ™ in font cmr12!
 [27

]) [28]
(./prologinhaskell.tex [29

] [30]

LaTeX Warning: Citation `logic-classes' on page 31 undefined on input line 110.


) [31] (./ummcpp.tex [32

]) [33] (./flpl.tex [34

]) [35] (./quasiquotation.tex)
[36

] (./metasyntacticvariables.tex
Overfull \hbox (16.1493pt too wide) in paragraph at lines 7--9
\OT1/cmr/m/n/12 Some sources for the topic [][]$\OT1/pcr/l/n/12 https : / / en 
. wikipedia . org / wiki / Metasyntactic _
 []


Overfull \hbox (23.70462pt too wide) in paragraph at lines 10--11
[][][]$\OT1/pcr/l/n/12 http : / / www . catb . org / jargon / html / M / metasy
ntactic-[]variable . html$[][] 
 []


Overfull \hbox (30.90462pt too wide) in paragraph at lines 12--13
[][][]$\OT1/pcr/l/n/12 http : / / whatis . techtarget . com / definition / meta
syntactic-[]variable$[][] 
 []

) [37

] (./relatedtermskeywords.tex) [38

] (./hwh.tex [39

]
Underfull \vbox (badness 3068) has occurred while \output is active []

 [40]
[41]) [42] (./pwp.tex
Overfull \hbox (12.81007pt too wide) in paragraph at lines 17--18
[]\OT1/cmr/m/n/12 http://eliminatingwork.blogspot.ca/2010/02/why-prolog-is-by-f
ar-best-most.html 
 []


Overfull \hbox (22.34053pt too wide) in paragraph at lines 30--31
[]\OT1/cmr/m/n/12 So the ques-tion is, why is pro-log bet-ter than func-tional 
lan-guages lisp,haskell,ml,ruby
 []

[43

]
Overfull \hbox (50.20839pt too wide) in paragraph at lines 53--55
[]\OT1/cmr/m/n/12 A pro-log in-tro-duc-tion for hack-ers http://www.kuro5hin.or
g/story/2004/2/25/124713/784 
 []

[44]
\openout4 = `proposal.pyg'.

runsystem(pygmentize -l prolog -f latex -F tokenmerge             -P "verboptio
ns= " -o proposal.out.pyg proposal.pyg)...executed.

 (./proposal.out.pyg)
runsystem(rm proposal.out.pyg)...executed.

runsystem(rm proposal.pyg)...executed.

) [45] (./miscrelcon.tex) [46

] (./proto1.tex [47

]
\openout4 = `proposal.pyg'.

runsystem(pygmentize -l haskell -f latex -F tokenmerge            -P linenos -P
 "verboptions= " -o proposal.out.pyg proposal.pyg)...executed.


(./proposal.out.pyg)
runsystem(rm proposal.out.pyg)...executed.

runsystem(rm proposal.pyg)...executed.

\openout4 = `proposal.pyg'.

runsystem(pygmentize -l haskell -f latex -F tokenmerge             -P "verbopti
ons= " -o proposal.out.pyg proposal.pyg)...executed.

 (./proposal.out.pyg)
runsystem(rm proposal.out.pyg)...executed.

runsystem(rm proposal.pyg)...executed.

\openout5 = `proposal.pyg'.

runsystem(pygmentize -l haskell -f latex -F tokenmerge             -P "verbopti
ons= " -o proposal.out.pyg proposal.pyg)...executed.

 (./proposal.out.pyg [48])
runsystem(rm proposal.out.pyg)...executed.

runsystem(rm proposal.pyg)...executed.

\openout4 = `proposal.pyg'.

runsystem(pygmentize -l haskell -f latex -F tokenmerge            -P linenos -P
 "verboptions= " -o proposal.out.pyg proposal.pyg)...executed.


(./proposal.out.pyg)
runsystem(rm proposal.out.pyg)...executed.

runsystem(rm proposal.pyg)...executed.

\openout4 = `proposal.pyg'.

runsystem(pygmentize -l haskell -f latex -F tokenmerge            -P linenos -P
 "verboptions= " -o proposal.out.pyg proposal.pyg)...executed.

 (./proposal.out.pyg)
runsystem(rm proposal.out.pyg)...executed.

runsystem(rm proposal.pyg)...executed.

\openout5 = `proposal.pyg'.

runsystem(pygmentize -l haskell -f latex -F tokenmerge             -P "verbopti
ons= " -o proposal.out.pyg proposal.pyg)...executed.

 (./proposal.out.pyg)
runsystem(rm proposal.out.pyg)...executed.

runsystem(rm proposal.pyg)...executed.

\openout5 = `proposal.pyg'.

runsystem(pygmentize -l haskell -f latex -F tokenmerge             -P "verbopti
ons= " -o proposal.out.pyg proposal.pyg)...executed.


(./proposal.out.pyg)
runsystem(rm proposal.out.pyg)...executed.

runsystem(rm proposal.pyg)...executed.

\openout4 = `proposal.pyg'.

runsystem(pygmentize -l haskell -f latex -F tokenmerge            -P linenos -P
 "verboptions= " -o proposal.out.pyg proposal.pyg)...executed.

 (./proposal.out.pyg [49])
runsystem(rm proposal.out.pyg)...executed.

runsystem(rm proposal.pyg)...executed.

) [50] (./proto2.1.tex) [51

]
(./proto2.2.tex) [52

] (./proto3.tex) [53

] (./proto4.tex) [54

]
(./workCompleted.tex <FunctorHierarchy.png, id=1234, 560.0925pt x 326.21875pt>
File: FunctorHierarchy.png Graphic file (type png)

<use FunctorHierarchy.png>
Package pdftex.def Info: FunctorHierarchy.png used on input line 21.
(pdftex.def)             Requested size: 392.06207pt x 228.35156pt.
LaTeX Font Info:    Font shape `OT1/pcr/bx/n' in size <14.4> not available
(Font)              Font shape `OT1/pcr/b/n' tried instead on input line 28.

Underfull \vbox (badness 2443) has occurred while \output is active []

 [55

pdfTeX warning (ext4): destination with the same identifier (name{figure.1}) ha
s been already used, duplicate ignored

\AtBegShi@Output ...ipout \box \AtBeginShipoutBox 
                                                  \fi \fi 
l.35 I
      n our case consider the following example, <./FunctorHierarchy.png>]
\openout4 = `proposal.pyg'.

runsystem(pygmentize -l haskell -f latex -F tokenmerge             -P "verbopti
ons= " -o proposal.out.pyg proposal.pyg)...executed.


(./proposal.out.pyg)
runsystem(rm proposal.out.pyg)...executed.

runsystem(rm proposal.pyg)...executed.

\openout5 = `proposal.pyg'.

runsystem(pygmentize -l haskell -f latex -F tokenmerge             -P "verbopti
ons= " -o proposal.out.pyg proposal.pyg)...executed.

 (./proposal.out.pyg)
runsystem(rm proposal.out.pyg)...executed.

runsystem(rm proposal.pyg)...executed.

\openout5 = `proposal.pyg'.

runsystem(pygmentize -l haskell -f latex -F tokenmerge             -P "verbopti
ons= " -o proposal.out.pyg proposal.pyg)...executed.

 (./proposal.out.pyg)
runsystem(rm proposal.out.pyg)...executed.

runsystem(rm proposal.pyg)...executed.

\openout5 = `proposal.pyg'.

runsystem(pygmentize -l haskell -f latex -F tokenmerge             -P "verbopti
ons= " -o proposal.out.pyg proposal.pyg)...executed.


(./proposal.out.pyg)
runsystem(rm proposal.out.pyg)...executed.

runsystem(rm proposal.pyg)...executed.

\openout4 = `proposal.pyg'.

runsystem(pygmentize -l haskell -f latex -F tokenmerge             -P "verbopti
ons= " -o proposal.out.pyg proposal.pyg)...executed.

 (./proposal.out.pyg)
runsystem(rm proposal.out.pyg)...executed.

runsystem(rm proposal.pyg)...executed.

\openout5 = `proposal.pyg'.

runsystem(pygmentize -l haskell -f latex -F tokenmerge             -P "verbopti
ons= " -o proposal.out.pyg proposal.pyg)...executed.

 (./proposal.out.pyg [56])
runsystem(rm proposal.out.pyg)...executed.

runsystem(rm proposal.pyg)...executed.

\openout4 = `proposal.pyg'.

runsystem(pygmentize -l haskell -f latex -F tokenmerge             -P "verbopti
ons= " -o proposal.out.pyg proposal.pyg)...executed.


(./proposal.out.pyg)
runsystem(rm proposal.out.pyg)...executed.

runsystem(rm proposal.pyg)...executed.

\openout4 = `proposal.pyg'.

runsystem(pygmentize -l haskell -f latex -F tokenmerge             -P "verbopti
ons= " -o proposal.out.pyg proposal.pyg)...executed.

 (./proposal.out.pyg)
runsystem(rm proposal.out.pyg)...executed.

runsystem(rm proposal.pyg)...executed.

\openout4 = `proposal.pyg'.

runsystem(pygmentize -l haskell -f latex -F tokenmerge             -P "verbopti
ons= " -o proposal.out.pyg proposal.pyg)...executed.

 (./proposal.out.pyg)
runsystem(rm proposal.out.pyg)...executed.

runsystem(rm proposal.pyg)...executed.

) [57]
(./results.tex
\openout4 = `proposal.pyg'.

runsystem(pygmentize -l haskell -f latex -F tokenmerge             -P "verbopti
ons= " -o proposal.out.pyg proposal.pyg)...executed.

 (./proposal.out.pyg)
runsystem(rm proposal.out.pyg)...executed.

runsystem(rm proposal.pyg)...executed.

\openout4 = `proposal.pyg'.

runsystem(pygmentize -l prolog -f latex -F tokenmerge             -P "verboptio
ns= " -o proposal.out.pyg proposal.pyg)...executed.

 (./proposal.out.pyg)
runsystem(rm proposal.out.pyg)...executed.

runsystem(rm proposal.pyg)...executed.

 [58

]
\openout4 = `proposal.pyg'.

runsystem(pygmentize -l prolog -f latex -F tokenmerge             -P "verboptio
ns= " -o proposal.out.pyg proposal.pyg)...executed.


(./proposal.out.pyg)
runsystem(rm proposal.out.pyg)...executed.

runsystem(rm proposal.pyg)...executed.

\openout4 = `proposal.pyg'.

runsystem(pygmentize -l haskell -f latex -F tokenmerge             -P "verbopti
ons= " -o proposal.out.pyg proposal.pyg)...executed.

 (./proposal.out.pyg
Underfull \vbox (badness 2310) has occurred while \output is active []

 [59])
runsystem(rm proposal.out.pyg)...executed.

runsystem(rm proposal.pyg)...executed.

)
[60] (./conclusion.tex) [61

] (./proposal.bbl
Missing character: There is no â in font cmr12!
Missing character: There is no € in font cmr12!
Missing character: There is no ™ in font cmr12!
Missing character: There is no Ã in font cmr12!
Missing character: There is no ­ in font cmr12!
 [62

]
Underfull \hbox (badness 3746) in paragraph at lines 136--139
\OT1/cmr/m/n/12 June 2013.  [][]$\OT1/pcr/l/n/12 http : / / www . swi-[]prolog 
. org / pldoc / man ? section =
 []

[63]
Underfull \hbox (badness 1264) in paragraph at lines 187--190
[]\OT1/cmr/m/n/12 GNU.  Gnu pro-log for java, Au-gust 2010.  [][]$\OT1/pcr/l/n/
12 http : / / www . gnu . org /
 []


Underfull \hbox (badness 1616) in paragraph at lines 248--251
[]\OT1/cmr/m/n/12 JLogic.  Jlog - pro-log in java, Septem-ber 2012.  [][]$\OT1/
pcr/l/n/12 http : / / jlogic .
 []

[64]
Underfull \hbox (badness 10000) in paragraph at lines 294--297
[]\OT1/cmr/m/n/12 The Pro-gram-ming Lan-guages We-blog Lambda The Ul-ti-mate.
 []


Underfull \hbox (badness 2012) in paragraph at lines 294--297
\OT1/cmr/m/n/12 Application-specific foreign-interface gen-er-a-tion, Oc-to-ber
 2006.  [][]$\OT1/pcr/l/n/12 http :
 []

[65]
Missing character: There is no Ã in font cmr12!
Missing character: There is no ¸ in font cmr12!

Underfull \hbox (badness 10000) in paragraph at lines 370--375
[]\OT1/cmr/m/n/12 Kurt Nr-mark De-part-ment of Com-puter Sci-ence Aal-borg Uni-

 []


Underfull \hbox (badness 10000) in paragraph at lines 370--375
\OT1/cmr/m/n/12 ver-sity Den-mark.  Lin-guis-tic ab-strac-tion, July 2013.  [][
]$\OT1/pcr/l/n/12 http :
 []


Underfull \hbox (badness 10000) in paragraph at lines 370--375
\OT1/pcr/l/n/12 / / people . cs . aau . dk / []normark / prog3-[]03 / html / no
tes /
 []


Underfull \hbox (badness 10000) in paragraph at lines 370--375
\OT1/pcr/l/n/12 languages _ themes-[]intro-[]sec . html # languages _ intro-[]s
ec _
 []


Underfull \hbox (badness 1242) in paragraph at lines 397--400
[]\OT1/cmr/m/n/12 Yield Pro-log.  Yield pro-log, Oc-to-ber 2011.  [][]$\OT1/pcr
/l/n/12 http : / / yieldprolog .
 []

[66]
Missing character: There is no â in font cmr12!
Missing character: There is no € in font cmr12!
Missing character: There is no ™ in font cmr12!
 [67]
Underfull \hbox (badness 10000) in paragraph at lines 521--525
[]\OT1/cmr/m/n/12 Stackoverflow.  Haskell vs. pro-log com-par-i-son, De-cem-ber

 []


Underfull \hbox (badness 10000) in paragraph at lines 521--525
\OT1/cmr/m/n/12 2009.  [][]$\OT1/pcr/l/n/12 http : / / stackoverflow . com / qu
estions / 1932770 /
 []


Underfull \hbox (badness 4467) in paragraph at lines 542--546
[]\OT1/cmr/m/n/12 Wren Thorn-ton.  The unification-fd pack-age, July 2012.  [][
]$\OT1/pcr/l/n/12 http :
 []


Underfull \hbox (badness 10000) in paragraph at lines 542--546
\OT1/pcr/l/n/12 / / hackage . haskellhttp : / / yieldprolog . sourceforge . net
 /
 []


Underfull \hbox (badness 2088) in paragraph at lines 578--581
[]\OT1/cmr/m/n/12 Andre Vel-lino.  Pro-log's death, Au-gust 2010.  [][]$\OT1/pc
r/l/n/12 http : / / synthese .
 []

[68] [69]
Missing character: There is no Ã in font cmr12!
Missing character: There is no ‰ in font cmr12!
Missing character: There is no Ã in font cmr12!
Missing character: There is no © in font cmr12!
Missing character: There is no Ã in font cmr12!
Missing character: There is no © in font cmr12!
)
Package atveryend Info: Empty hook `BeforeClearDocument' on input line 343.
 [70]
Package atveryend Info: Empty hook `AfterLastShipout' on input line 343.
 (./proposal.aux)
Package atveryend Info: Executing hook `AtVeryEndDocument' on input line 343.
Package atveryend Info: Executing hook `AtEndAfterFileList' on input line 343.
Package rerunfilecheck Info: File `proposal.out' has not changed.
(rerunfilecheck)             Checksum: 5055C74BABA1384A3DF0721412543695;5364.


LaTeX Font Warning: Some font shapes were not available, defaults substituted.


LaTeX Warning: There were undefined references.


LaTeX Warning: There were multiply-defined labels.

Package atveryend Info: Empty hook `AtVeryVeryEnd' on input line 343.
 ) 
Here is how much of TeX's memory you used:
 8634 strings out of 494985
 125298 string characters out of 6180356
 223535 words of memory out of 5000000
 11087 multiletter control sequences out of 15000+600000
 12213 words of font info for 45 fonts, out of 8000000 for 9000
 36 hyphenation exceptions out of 8191
 36i,12n,45p,2172b,681s stack positions out of 5000i,500n,10000p,200000b,80000s
{/usr/share/texlive/texmf-dist/fonts/enc/dvips/base/8r.enc}</usr/share/texliv
e/texmf-dist/fonts/type1/public/amsfonts/cm/cmbx12.pfb></usr/share/texlive/texm
f-dist/fonts/type1/public/amsfonts/cm/cmcsc10.pfb></usr/share/texlive/texmf-dis
t/fonts/type1/public/amsfonts/cm/cmmi12.pfb></usr/share/texlive/texmf-dist/font
s/type1/public/amsfonts/cm/cmr12.pfb></usr/share/texlive/texmf-dist/fonts/type1
/public/amsfonts/cm/cmr6.pfb></usr/share/texlive/texmf-dist/fonts/type1/public/
amsfonts/cm/cmsy10.pfb></usr/share/texlive/texmf-dist/fonts/type1/public/amsfon
ts/cm/cmti12.pfb></usr/share/texlive/texmf-dist/fonts/type1/urw/courier/ucrb8a.
pfb></usr/share/texlive/texmf-dist/fonts/type1/urw/courier/ucrr8a.pfb></usr/sha
re/texlive/texmf-dist/fonts/type1/urw/courier/ucrro8a.pfb>
Output written on proposal.pdf (77 pages, 423241 bytes).
PDF statistics:
 1543 PDF objects out of 1728 (max. 8388607)
 1437 compressed objects within 15 object streams
 493 named destinations out of 1000 (max. 500000)
 638 words of extra memory for PDF output out of 10000 (max. 10000000)

